<?xml version="1.0" encoding="UTF-8"?>
<!-- Generated by org.testng.reporters.JUnitReportReporter -->
<testsuite hostname="NX00428" failures="0" tests="2" name="com.fb.qa.testcases.OutwardPageTest" time="33.431" errors="0" timestamp="2023-07-13T16:01:57 PKT" skipped="0">
  <testcase classname="com.fb.qa.testcases.OutwardPageTest" name="outwardProcess" time="16.234"/>
  <testcase classname="com.fb.qa.testcases.OutwardPageTest" name="approveOutwardProcess" time="17.197"/>
</testsuite> <!-- com.fb.qa.testcases.OutwardPageTest -->
