<?xml version="1.0" encoding="UTF-8"?>
<!-- Generated by org.testng.reporters.JUnitReportReporter -->
<testsuite hostname="NX00428" failures="0" tests="2" name="com.fb.qa.testcases.InwardPageTest" time="37.050" errors="0" timestamp="2023-07-13T16:01:57 PKT" skipped="0">
  <testcase classname="com.fb.qa.testcases.InwardPageTest" name="inwardProcess" time="19.676"/>
  <testcase classname="com.fb.qa.testcases.InwardPageTest" name="approveInwardTest" time="17.374"/>
</testsuite> <!-- com.fb.qa.testcases.InwardPageTest -->
