<?xml version="1.0" encoding="UTF-8"?>
<!-- Generated by org.testng.reporters.JUnitReportReporter -->
<testsuite hostname="NX00428" failures="0" tests="3" name="com.fb.qa.testcases.MaterialIssuanceTest" time="34.879" errors="0" timestamp="2023-07-14T11:18:24 PKT" skipped="0">
  <testcase classname="com.fb.qa.testcases.MaterialIssuanceTest" name="verifyPageTitle" time="7.796"/>
  <testcase classname="com.fb.qa.testcases.MaterialIssuanceTest" name="materialIssuanceProcess" time="16.358"/>
  <testcase classname="com.fb.qa.testcases.MaterialIssuanceTest" name="approveIssuanceTest" time="10.725"/>
</testsuite> <!-- com.fb.qa.testcases.MaterialIssuanceTest -->
