<?xml version="1.0" encoding="UTF-8"?>
<!-- Generated by org.testng.reporters.JUnitReportReporter -->
<testsuite hostname="NX00428" failures="0" tests="1" name="com.fb.qa.testcases.MaterialReturnTest" time="11.096" errors="0" timestamp="2023-07-04T18:36:11 PKT" skipped="0">
  <testcase classname="com.fb.qa.testcases.MaterialReturnTest" name="approveMaterialReturn" time="11.096"/>
</testsuite> <!-- com.fb.qa.testcases.MaterialReturnTest -->
