<?xml version="1.0" encoding="UTF-8"?>
<!-- Generated by org.testng.reporters.JUnitReportReporter -->
<testsuite hostname="NX00428" failures="0" tests="1" name="com.fb.qa.testcases.LoginPageTest" time="10.185" errors="0" timestamp="2024-05-30T16:25:55 PKT" skipped="0">
  <testcase classname="com.fb.qa.testcases.LoginPageTest" name="loginTest" time="10.185"/>
</testsuite> <!-- com.fb.qa.testcases.LoginPageTest -->
