<?xml version="1.0" encoding="UTF-8"?>
<!-- Generated by org.testng.reporters.JUnitReportReporter -->
<testsuite hostname="NX00428" failures="0" tests="2" name="com.fb.qa.testcases.MaterialInspectionTest" time="27.009" errors="0" timestamp="2023-07-05T18:51:05 PKT" skipped="0">
  <testcase classname="com.fb.qa.testcases.MaterialInspectionTest" name="testMaterialInspectionProcess" time="15.145"/>
  <testcase classname="com.fb.qa.testcases.MaterialInspectionTest" name="testApproveInspectionProcess" time="11.864"/>
</testsuite> <!-- com.fb.qa.testcases.MaterialInspectionTest -->
