<?xml version="1.0" encoding="UTF-8"?>
<!-- Generated by org.testng.reporters.JUnitReportReporter -->
<testsuite hostname="NX00428" failures="0" tests="1" name="com.fb.qa.testcases.HomePageTest" time="12.188" errors="0" timestamp="2024-05-30T12:00:06 PKT" skipped="0">
  <testcase classname="com.fb.qa.testcases.HomePageTest" name="verifyHomePageTitleTest" time="12.188"/>
</testsuite> <!-- com.fb.qa.testcases.HomePageTest -->
