<?xml version="1.0" encoding="UTF-8"?>
<!-- Generated by org.testng.reporters.JUnitReportReporter -->
<testsuite hostname="NX00428" failures="0" tests="3" name="com.fb.qa.testcases.MaterialIssuanceTest" time="41.518" errors="0" timestamp="2023-07-13T16:01:57 PKT" skipped="0">
  <testcase classname="com.fb.qa.testcases.MaterialIssuanceTest" name="verifyPageTitle" time="9.425"/>
  <testcase classname="com.fb.qa.testcases.MaterialIssuanceTest" name="materialIssuanceProcess" time="19.401"/>
  <testcase classname="com.fb.qa.testcases.MaterialIssuanceTest" name="approveIssuanceTest" time="12.692"/>
</testsuite> <!-- com.fb.qa.testcases.MaterialIssuanceTest -->
