<?xml version="1.0" encoding="UTF-8"?>
<!-- Generated by org.testng.reporters.JUnitReportReporter -->
<testsuite hostname="NX00428" failures="0" tests="1" name="com.fb.qa.testcases.ProductCategoryTest" time="13.779" errors="0" timestamp="2023-07-06T15:37:53 PKT" skipped="0">
  <testcase classname="com.fb.qa.testcases.ProductCategoryTest" name="ProductCategoryProcess" time="13.779"/>
</testsuite> <!-- com.fb.qa.testcases.ProductCategoryTest -->
