<?xml version="1.0" encoding="UTF-8"?>
<!-- Generated by org.testng.reporters.JUnitReportReporter -->
<testsuite hostname="NX00428" failures="0" tests="1" name="com.fb.qa.testcases.MaterialRequisitionTest" time="15.862" errors="0" timestamp="2023-07-05T15:40:16 PKT" skipped="0">
  <testcase classname="com.fb.qa.testcases.MaterialRequisitionTest" name="materialReqProcess" time="15.862"/>
</testsuite> <!-- com.fb.qa.testcases.MaterialRequisitionTest -->
