<?xml version="1.0" encoding="UTF-8"?>
<!-- Generated by org.testng.reporters.JUnitReportReporter -->
<testsuite hostname="NX00428" failures="0" tests="1" name="com.fb.qa.testcases.ProductsTest" time="16.446" errors="0" timestamp="2023-07-06T17:51:22 PKT" skipped="0">
  <testcase classname="com.fb.qa.testcases.ProductsTest" name="ProductCategoryProcess" time="16.446"/>
</testsuite> <!-- com.fb.qa.testcases.ProductsTest -->
