<?xml version="1.0" encoding="UTF-8"?>
<!-- Generated by org.testng.reporters.JUnitReportReporter -->
<testsuite hostname="NX00428" failures="0" tests="1" name="com.fb.qa.testcases.LoginPageTest" time="7.418" errors="0" timestamp="2023-07-04T17:22:54 PKT" skipped="0">
  <testcase classname="com.fb.qa.testcases.LoginPageTest" name="loginTest" time="7.418"/>
</testsuite> <!-- com.fb.qa.testcases.LoginPageTest -->
