<?xml version="1.0" encoding="UTF-8"?>
<!-- Generated by org.testng.reporters.JUnitReportReporter -->
<testsuite hostname="NX00428" failures="0" tests="2" name="com.fb.qa.testcases.MaterialInspectionTest" time="24.276" errors="0" timestamp="2023-07-04T17:54:48 PKT" skipped="0">
  <testcase classname="com.fb.qa.testcases.MaterialInspectionTest" name="testMaterialInspectionProcess" time="13.716"/>
  <testcase classname="com.fb.qa.testcases.MaterialInspectionTest" name="testApproveInspectionProcess" time="10.560"/>
</testsuite> <!-- com.fb.qa.testcases.MaterialInspectionTest -->
