<?xml version="1.0" encoding="UTF-8"?>
<!-- Generated by org.testng.reporters.JUnitReportReporter -->
<testsuite hostname="NX00428" failures="0" tests="1" name="com.fb.qa.testcases.LoginPageTest" time="11.781" errors="0" timestamp="2024-05-29T17:14:29 PKT" skipped="0">
  <testcase classname="com.fb.qa.testcases.LoginPageTest" name="loginTest" time="11.781"/>
</testsuite> <!-- com.fb.qa.testcases.LoginPageTest -->
