<?xml version="1.0" encoding="UTF-8"?>
<!-- Generated by org.testng.reporters.JUnitReportReporter -->
<testsuite hostname="NX00428" failures="0" tests="1" name="com.fb.qa.testcases.MaterialRequisitionTest" time="14.747" errors="0" timestamp="2023-07-14T11:17:36 PKT" skipped="0">
  <testcase classname="com.fb.qa.testcases.MaterialRequisitionTest" name="materialReqProcess" time="14.747"/>
</testsuite> <!-- com.fb.qa.testcases.MaterialRequisitionTest -->
