<?xml version="1.0" encoding="UTF-8"?>
<!-- Generated by org.testng.reporters.JUnitReportReporter -->
<testsuite hostname="NX00428" failures="0" tests="1" name="com.fb.qa.testcases.InventoryTest" time="18.825" errors="0" timestamp="2023-07-13T16:01:57 PKT" skipped="0">
  <testcase classname="com.fb.qa.testcases.InventoryTest" name="inventoryProcess" time="18.825"/>
</testsuite> <!-- com.fb.qa.testcases.InventoryTest -->
